Arguments: 
  C:\Program Files\nodejs\node.exe C:\Users\CeeSan\AppData\Roaming\npm\node_modules\yarn\bin\yarn.js compile

PATH: 
  C:\WINDOWS\system32;C:\WINDOWS;C:\WINDOWS\System32\Wbem;C:\WINDOWS\System32\WindowsPowerShell\v1.0\;C:\Program Files\Git\cmd;C:\WINDOWS\System32\OpenSSH\;C:\Program Files (x86)\Brackets\command;C:\wamp\bin\php\php7.0.10;C:\ProgramData\ComposerSetup\bin;C:\Program Files\nodejs\;C:\wamp\bin\php\php7.2.18;C:\Users\CeeSan\AppData\Local\Microsoft\WindowsApps;C:\Users\CeeSan\AppData\Roaming\Composer\vendor\bin;C:\Users\CeeSan\AppData\Roaming\npm;C:\Users\CeeSan\AppData\Local\GitHubDesktop\bin;C:\Program Files (x86)\EaseUS\Todo Backup\bin\x64\

Yarn version: 
  1.19.0

Node version: 
  10.16.3

Platform: 
  win32 x64

Trace: 
  SyntaxError: C:\wamp\www\calismalar\node_modules\uikit\package.json: Unexpected token / in JSON at position 2191
      at JSON.parse (<anonymous>)
      at C:\Users\CeeSan\AppData\Roaming\npm\node_modules\yarn\lib\cli.js:1625:59
      at Generator.next (<anonymous>)
      at step (C:\Users\CeeSan\AppData\Roaming\npm\node_modules\yarn\lib\cli.js:304:30)
      at C:\Users\CeeSan\AppData\Roaming\npm\node_modules\yarn\lib\cli.js:315:13

npm manifest: 
  {
    "name": "uikit",
    "title": "UIkit",
    "description": "UIkit is a lightweight and modular front-end framework for developing fast and powerful web interfaces.",
    "version": "3.2.2-dev.1dd92985c",
    "main": "../../islamvakticom/Themes/hudhud/scripts/uikit.js",
    "style": "../../islamvakticom/Themes/hudhud/css/uikit.css",
    "sideEffects": [
      "*.css",
      "./src/js/*.js",
      "./dist/**/*.js"
    ],
    "scripts": {
      "build-scss": "node build/scss",
      "compile": "yarn compile-less && yarn compile-js",
      "compile-js": "node build/build",
      "compile-less": "yarn icons && node build/less",
      "compile-rtl": "yarn compile-less rtl",
      "icons": "node build/icons",
      "prefix": "node build/prefix",
      "scope": "node build/scope",
      "release": "node build/release",
      "watch": "npm-watch",
      "eslint": "eslint src/js",
      "eslint-fix": "eslint --fix src/js",
      "test": "webpack-dev-server --inline --hot --watchContentBase && open http://localhost:8080/tests/"
    },
    "repository": {
      "type": "git",
      "url": "git+https://github.com/uikit/uikit.git"
    },
    "license": "MIT",
    "bugs": {
      "url": "https://github.com/uikit/uikit/issues"
    },
    "homepage": "https://getuikit.com",
    "devDependencies": {
      "archiver": "3.0.3",
      "buble": "^0.19.8",
      "buble-loader": "^0.5.0",
      "camelcase": "^5.3.1",
      "circular-dependency-plugin": "^5.0.2",
      "clean-css": "^4.1.11",
      "dateformat": "^3.0.3",
      "eslint": "6.1.0",
      "glob": "^7.1.4",
      "inquirer": "6.5.0",
      "less": "^2.7.2",
      "minimist": "^1.2.0",
      "npm-watch": "github:dasdeck/npm-watch#46a8a36c61cfd998ed53d27f62eaf79e11c395b4",
      "postcss": "7.0.17",
      "raw-loader": "^3.1.0",
      "rollup": "1.17.0",
      "rollup-plugin-buble": "^0.19.8",
      "rollup-plugin-html": "^0.2.1",
      "rollup-plugin-import-alias": "^1.0.10",
      "rollup-plugin-json": "^4.0.0",
      "rollup-plugin-replace": "^2.2.0",
      "rtlcss": "^2.2.0",
      "semver": "^6.3.0",
      "shortid": "^2.2.14",
      "svgo": "^1.3.0",
      "uglify-js": "^3.6.0",
      "uglifyjs-webpack-plugin": "2.1.3",
      "webpack": "^4.38.0",
      "webpack-cli": "3.3.6",
      "webpack-dev-server": "^3.7.2"
    },
    "watch": {
      //"compile-js": "src/js/**/*.js",
      "compile-less": {
        "patterns": "**/*.less",
        "extensions": "less"
      }
    }
  }

yarn manifest: 
  No manifest

Lockfile: 
  No lockfile
